\BOOKMARK [0][]{theabsanchor-swedish.0}{Sammanfattning}{}% 1
\BOOKMARK [0][]{theabsanchor-english.0}{Abstract}{}% 2
\BOOKMARK [0][]{theackanchor.0}{Acknowledgments}{}% 3
\BOOKMARK [0][]{thetocanchor.0}{Contents}{}% 4
\BOOKMARK [0][]{section*.7}{Notation}{}% 5
\BOOKMARK [0][]{chapter.1}{1 Introduktion}{}% 6
\BOOKMARK [1][-]{section.1.1}{1.1 Contributions}{chapter.1}% 7
\BOOKMARK [1][-]{section.1.2}{1.2 Motivation}{chapter.1}% 8
\BOOKMARK [1][-]{section.1.3}{1.3 Research Questions}{chapter.1}% 9
\BOOKMARK [1][-]{section.1.4}{1.4 Delimitations}{chapter.1}% 10
\BOOKMARK [0][]{chapter.2}{2 Related work}{}% 11
\BOOKMARK [1][-]{section.2.1}{2.1 Unsupervised Monocular Depth Estimation with Left-Right Consistency leftright}{chapter.2}% 12
\BOOKMARK [1][-]{section.2.2}{2.2 Unsupervised Learning of Depth and Ego-Motion from Video sfmlearner}{chapter.2}% 13
\BOOKMARK [1][-]{section.2.3}{2.3 SuperDepth: Self-Supervised, Super-Resolved Monocular Depth Estimation superdepth}{chapter.2}% 14
\BOOKMARK [1][-]{section.2.4}{2.4 3D Packing for Self-Supervised Monocular Depth Estimation packnet}{chapter.2}% 15
\BOOKMARK [1][-]{section.2.5}{2.5 Digging Into Self-Supervised Monocular Depth Estimation monodepth2}{chapter.2}% 16
\BOOKMARK [1][-]{section.2.6}{2.6 Self-Supervised 3D Keypoint Learning for Ego-motion Estimation keypointdepth}{chapter.2}% 17
\BOOKMARK [0][]{chapter.3}{3 Method}{}% 18
\BOOKMARK [1][-]{section.3.1}{3.1 Convolutional neural networks}{chapter.3}% 19
\BOOKMARK [1][-]{section.3.2}{3.2 Unsupervised learning}{chapter.3}% 20
\BOOKMARK [1][-]{section.3.3}{3.3 Datasets}{chapter.3}% 21
\BOOKMARK [1][-]{section.3.4}{3.4 Architectures}{chapter.3}% 22
\BOOKMARK [1][-]{section.3.5}{3.5 Differentiable depth image warping}{chapter.3}% 23
\BOOKMARK [1][-]{section.3.6}{3.6 Loss functions}{chapter.3}% 24
\BOOKMARK [2][-]{subsection.3.6.1}{3.6.1 Handling occlusions}{section.3.6}% 25
\BOOKMARK [1][-]{section.3.7}{3.7 Handling model limitations}{chapter.3}% 26
\BOOKMARK [1][-]{section.3.8}{3.8 Handling model limitations}{chapter.3}% 27
\BOOKMARK [1][-]{section.3.9}{3.9 Evaluation}{chapter.3}% 28
\BOOKMARK [0][]{chapter.4}{4 Resultat}{}% 29
\BOOKMARK [0][]{chapter*.31}{Bibliography}{}% 30
